{
  "stats": {
    "suites": 1,
    "tests": 1,
    "passes": 0,
    "pending": 0,
    "failures": 1,
    "start": "2025-05-07T08:52:44.021Z",
    "end": "2025-05-07T08:52:51.940Z",
    "duration": 7919,
    "testsRegistered": 1,
    "passPercent": 0,
    "pendingPercent": 0,
    "other": 0,
    "hasOther": false,
    "skipped": 0,
    "hasSkipped": false
  },
  "results": [
    {
      "uuid": "9545506f-00b3-485d-97b1-f790674b4a5d",
      "title": "",
      "fullFile": "cypress\\e2e\\login_and_cctv.cy.js",
      "file": "cypress\\e2e\\login_and_cctv.cy.js",
      "beforeHooks": [],
      "afterHooks": [],
      "tests": [],
      "suites": [
        {
          "uuid": "d5555f68-e1f8-4bc9-a4fc-e0e05c6048d3",
          "title": "Login Test and Form Interaction",
          "fullFile": "",
          "file": "",
          "beforeHooks": [],
          "afterHooks": [],
          "tests": [
            {
              "title": "should log in and perform form input actions",
              "fullTitle": "Login Test and Form Interaction should log in and perform form input actions",
              "timedOut": null,
              "duration": 4186,
              "state": "failed",
              "speed": null,
              "pass": false,
              "fail": true,
              "pending": false,
              "context": null,
              "code": "cy.visit('https://dsh-poc.assistxvision.ai/login');\ncy.get('input#email').should('have.attr', 'type', 'email').type('waniadmin@yopmail.com');\ncy.get('input#password').should('have.attr', 'type', 'password').type('Password123@');\ncy.get('input#remember_me').check().should('be.checked');\ncy.contains('button', 'Log in').click();\ncy.url().should('not.include', '/login');\ncy.contains('Dashboard').should('exist');\n//add and delete cctv\ncy.get(':nth-child(1) > .text-decoration-none > .card > .card-body > .row > .col-4 > .icon > .bg-svg-white').click();\ncy.get('#regional').select('test1');\ncy.get('#branch').select('test1');\ncy.get(':nth-child(3) > .card-header').click();\ncy.get('#work_unit').select('test1');\ncy.get('#filter_status').select('Online');\ncy.get(':nth-child(2) > .btn').click();\ncy.get('#select2-work_unit-container').click();\ncy.get('.select2-results__option').contains('test1').click();\ncy.get('.select2-results__option').should('not.exist');\ncy.get('#name').clear().type('test1');\ncy.get('#cctv_id').clear().type('00001');\ncy.get('#ip_address').clear().type('111.111.111.111');\ncy.get('.btn').click();\ncy.get('.btn-danger > .fas').click();\ncy.get('#btnDeleteConfirm').click();",
              "err": {
                "message": "ReferenceError: The following error originated from your application code, not from Cypress.\n\n  > google is not defined\n\nWhen Cypress detects uncaught errors originating from your application it will automatically fail the current test.\n\nThis behavior is configurable, and you can choose to turn this off by listening to the `uncaught:exception` event.\n\nhttps://on.cypress.io/uncaught-exception-from-application",
                "estack": "ReferenceError: The following error originated from your application code, not from Cypress.\n\n  > google is not defined\n\nWhen Cypress detects uncaught errors originating from your application it will automatically fail the current test.\n\nThis behavior is configurable, and you can choose to turn this off by listening to the `uncaught:exception` event.\n\nhttps://on.cypress.io/uncaught-exception-from-application\n    at <unknown> (https://dsh-poc.assistxvision.ai/assets/pages/dashboard/maps.js?version=2:240:5)",
                "diff": null
              },
              "uuid": "7f2c4e08-42e1-470b-bfe5-865ccbb1d67e",
              "parentUUID": "d5555f68-e1f8-4bc9-a4fc-e0e05c6048d3",
              "isHook": false,
              "skipped": false
            }
          ],
          "suites": [],
          "passes": [],
          "failures": [
            "7f2c4e08-42e1-470b-bfe5-865ccbb1d67e"
          ],
          "pending": [],
          "skipped": [],
          "duration": 4186,
          "root": false,
          "rootEmpty": false,
          "_timeout": 2000
        }
      ],
      "passes": [],
      "failures": [],
      "pending": [],
      "skipped": [],
      "duration": 0,
      "root": true,
      "rootEmpty": true,
      "_timeout": 2000
    }
  ],
  "meta": {
    "mocha": {
      "version": "7.2.0"
    },
    "mochawesome": {
      "options": {
        "quiet": false,
        "reportFilename": "mochawesome",
        "saveHtml": true,
        "saveJson": true,
        "consoleReporter": "spec",
        "useInlineDiffs": false,
        "code": true
      },
      "version": "7.1.3"
    },
    "marge": {
      "options": {
        "reportDir": "cypress/reports",
        "overwrite": false,
        "html": true,
        "json": true
      },
      "version": "6.2.0"
    }
  }
}