{
  "stats": {
    "suites": 1,
    "tests": 1,
    "passes": 1,
    "pending": 0,
    "failures": 0,
    "start": "2025-05-07T08:55:01.324Z",
    "end": "2025-05-07T08:55:09.413Z",
    "duration": 8089,
    "testsRegistered": 1,
    "passPercent": 100,
    "pendingPercent": 0,
    "other": 0,
    "hasOther": false,
    "skipped": 0,
    "hasSkipped": false
  },
  "results": [
    {
      "uuid": "9764554f-88a6-4c89-a431-e6a82c203cc9",
      "title": "",
      "fullFile": "cypress\\e2e\\login_and_find.cy.js",
      "file": "cypress\\e2e\\login_and_find.cy.js",
      "beforeHooks": [],
      "afterHooks": [],
      "tests": [],
      "suites": [
        {
          "uuid": "9b0cfc9d-c3d1-4940-83fc-506869961241",
          "title": "template spec",
          "fullFile": "",
          "file": "",
          "beforeHooks": [],
          "afterHooks": [],
          "tests": [
            {
              "title": "should log in and perform form input actions",
              "fullTitle": "template spec should log in and perform form input actions",
              "timedOut": null,
              "duration": 5728,
              "state": "passed",
              "speed": "medium",
              "pass": true,
              "fail": false,
              "pending": false,
              "context": null,
              "code": "cy.visit('https://dsh-poc.assistxvision.ai/login');\ncy.get('input#email').should('have.attr', 'type', 'email').type('waniadmin@yopmail.com');\ncy.get('input#password').should('have.attr', 'type', 'password').type('Password123@');\ncy.get('input#remember_me').check().should('be.checked');\ncy.contains('button', 'Log in').click();\ncy.url().should('not.include', '/login');\ncy.contains('Dashboard').should('exist');\ncy.get('#filter_ai').select('intrusion');\ncy.get('#start_date').click();\ncy.get('#select2-regional-container').click();\ncy.get('#select2-work_unit-container').click();\ncy.get('#end_date').click();\ncy.get('#end_date').click();\ncy.get('#select2-branch-container > .select2-selection__placeholder').click();\ncy.get('#btnFilter').click();\ncy.get('#chartTabs > :nth-child(2) > .nav-link').click();",
              "err": {},
              "uuid": "35985e7d-2f8e-483c-9366-9b56cbaa738d",
              "parentUUID": "9b0cfc9d-c3d1-4940-83fc-506869961241",
              "isHook": false,
              "skipped": false
            }
          ],
          "suites": [],
          "passes": [
            "35985e7d-2f8e-483c-9366-9b56cbaa738d"
          ],
          "failures": [],
          "pending": [],
          "skipped": [],
          "duration": 5728,
          "root": false,
          "rootEmpty": false,
          "_timeout": 2000
        }
      ],
      "passes": [],
      "failures": [],
      "pending": [],
      "skipped": [],
      "duration": 0,
      "root": true,
      "rootEmpty": true,
      "_timeout": 2000
    }
  ],
  "meta": {
    "mocha": {
      "version": "7.2.0"
    },
    "mochawesome": {
      "options": {
        "quiet": false,
        "reportFilename": "mochawesome",
        "saveHtml": true,
        "saveJson": true,
        "consoleReporter": "spec",
        "useInlineDiffs": false,
        "code": true
      },
      "version": "7.1.3"
    },
    "marge": {
      "options": {
        "reportDir": "cypress/reports",
        "overwrite": false,
        "html": true,
        "json": true
      },
      "version": "6.2.0"
    }
  }
}