{
  "stats": {
    "suites": 1,
    "tests": 1,
    "passes": 1,
    "pending": 0,
    "failures": 0,
    "start": "2025-05-07T08:54:45.062Z",
    "end": "2025-05-07T08:54:58.358Z",
    "duration": 13296,
    "testsRegistered": 1,
    "passPercent": 100,
    "pendingPercent": 0,
    "other": 0,
    "hasOther": false,
    "skipped": 0,
    "hasSkipped": false
  },
  "results": [
    {
      "uuid": "dc8f20e8-f9c8-4971-a091-b2b99a96c467",
      "title": "",
      "fullFile": "cypress\\e2e\\login_and_cctv.cy.js",
      "file": "cypress\\e2e\\login_and_cctv.cy.js",
      "beforeHooks": [],
      "afterHooks": [],
      "tests": [],
      "suites": [
        {
          "uuid": "200d1f03-f779-49d8-ac8f-27702471fec6",
          "title": "Login Test and Form Interaction",
          "fullFile": "",
          "file": "",
          "beforeHooks": [],
          "afterHooks": [],
          "tests": [
            {
              "title": "should log in and perform form input actions",
              "fullTitle": "Login Test and Form Interaction should log in and perform form input actions",
              "timedOut": null,
              "duration": 9537,
              "state": "passed",
              "speed": "medium",
              "pass": true,
              "fail": false,
              "pending": false,
              "context": null,
              "code": "cy.visit('https://dsh-poc.assistxvision.ai/login');\ncy.get('input#email').should('have.attr', 'type', 'email').type('waniadmin@yopmail.com');\ncy.get('input#password').should('have.attr', 'type', 'password').type('Password123@');\ncy.get('input#remember_me').check().should('be.checked');\ncy.contains('button', 'Log in').click();\ncy.url().should('not.include', '/login');\ncy.contains('Dashboard').should('exist');\n//add and delete cctv\ncy.get(':nth-child(1) > .text-decoration-none > .card > .card-body > .row > .col-4 > .icon > .bg-svg-white').click();\ncy.get('#regional').select('test1');\ncy.get('#branch').select('test1');\ncy.get(':nth-child(3) > .card-header').click();\ncy.get('#work_unit').select('test1');\ncy.get('#filter_status').select('Online');\ncy.get(':nth-child(2) > .btn').click();\ncy.get('#select2-work_unit-container').click();\ncy.get('.select2-results__option').contains('test1').click();\ncy.get('.select2-results__option').should('not.exist');\ncy.get('#name').clear().type('test1');\ncy.get('#cctv_id').clear().type('00001');\ncy.get('#ip_address').clear().type('111.111.111.111');\ncy.get('.btn').click();\ncy.get('.btn-danger > .fas').click();\ncy.get('#btnDeleteConfirm').click();",
              "err": {},
              "uuid": "b2172314-bc0c-4d87-80e9-84e3a6d7b546",
              "parentUUID": "200d1f03-f779-49d8-ac8f-27702471fec6",
              "isHook": false,
              "skipped": false
            }
          ],
          "suites": [],
          "passes": [
            "b2172314-bc0c-4d87-80e9-84e3a6d7b546"
          ],
          "failures": [],
          "pending": [],
          "skipped": [],
          "duration": 9537,
          "root": false,
          "rootEmpty": false,
          "_timeout": 2000
        }
      ],
      "passes": [],
      "failures": [],
      "pending": [],
      "skipped": [],
      "duration": 0,
      "root": true,
      "rootEmpty": true,
      "_timeout": 2000
    }
  ],
  "meta": {
    "mocha": {
      "version": "7.2.0"
    },
    "mochawesome": {
      "options": {
        "quiet": false,
        "reportFilename": "mochawesome",
        "saveHtml": true,
        "saveJson": true,
        "consoleReporter": "spec",
        "useInlineDiffs": false,
        "code": true
      },
      "version": "7.1.3"
    },
    "marge": {
      "options": {
        "reportDir": "cypress/reports",
        "overwrite": false,
        "html": true,
        "json": true
      },
      "version": "6.2.0"
    }
  }
}